
timestamp	event code	source node	source agent	destination node	destination agent	additional remarks
---------	----------	-----------	------------	-----------	------------	------------------
28.10.2014 12:53:17	NODE_STATUS_CHANGE (300)	-	-	-	-	CONFIGURED	
28.10.2014 12:53:17	NODE_STATUS_CHANGE (300)	-	-	-	-	RUNNING	
28.10.2014 12:53:17	AGENT_REGISTERED (3000)	-4028580301345039152 (java.lang.Long)	3393190940551702251	-	-	ServiceAgent	
28.10.2014 12:53:17	SERVICE_STARTUP (7000)	-4028580301345039152 (java.lang.Long)	3393190940551702251	-	-	i5.las2peer.services.servicePackage.ServiceClass	
28.10.2014 12:53:18	AGENT_REGISTERED (3000)	-4028580301345039152 (java.lang.Long)	6784596877	-	-	ServiceInfoAgent	
28.10.2014 12:53:18	RMI_SENT (4000)	-4028580301345039152 (java.lang.Long)	6784596877	-	-	-	
28.10.2014 12:53:18	CONNECTOR_MESSAGE (9000)	-4028580301345039152 (java.lang.Long)	-	-	-	WebConnector: Web-Connector in HTTP mode running on port 8080	
28.10.2014 12:53:20	MESSAGE_RECEIVED (5000)	-4028580301345039152 (java.lang.Long)	6784596877	-4028580301345039152 (java.lang.Long)	3393190940551702251	-2596700146144159339	
28.10.2014 12:53:20	SERVICE_INVOCATION (7200)	-4028580301345039152 (java.lang.Long)	6784596877	-4028580301345039152 (java.lang.Long)	3393190940551702251	i5.las2peer.services.servicePackage.ServiceClass/getRESTMapping	
28.10.2014 12:53:20	SERVICE_INVOCATION_FINISHED (7210)	-4028580301345039152 (java.lang.Long)	6784596877	-4028580301345039152 (java.lang.Long)	3393190940551702251	i5.las2peer.services.servicePackage.ServiceClass/getRESTMapping	
28.10.2014 12:53:21	MESSAGE_RECEIVED_ANSWER (5001)	-4028580301345039152 (java.lang.Long)	3393190940551702251	-4028580301345039152 (java.lang.Long)	6784596877	-2596700146144159339	
28.10.2014 12:53:21	RMI_SUCCESSFUL (4100)	-4028580301345039152 (java.lang.Long)	6784596877	-	-	-	
28.10.2014 12:53:29	AGENT_REGISTERED (3000)	-4028580301345039152 (java.lang.Long)	-5021131362343084485	-	-	Mediator	
28.10.2014 12:53:29	AGENT_REMOVED (3060)	-4028580301345039152 (java.lang.Long)	-5021131362343084485	-	-		
28.10.2014 12:53:30	AGENT_REGISTERED (3000)	-4028580301345039152 (java.lang.Long)	-5021131362343084485	-	-	Mediator	
28.10.2014 12:53:30	AGENT_REMOVED (3060)	-4028580301345039152 (java.lang.Long)	-5021131362343084485	-	-		
28.10.2014 12:53:40	CONNECTOR_MESSAGE (9000)	-4028580301345039152 (java.lang.Long)	-	-	-	WebConnector: Web-Connector in HTTP mode has been stopped	
28.10.2014 12:53:40	SERVICE_SHUTDOWN (7100)	-4028580301345039152 (java.lang.Long)	3393190940551702251	-	-	i5.las2peer.services.servicePackage.ServiceClass	
28.10.2014 12:53:40	NODE_SHUTDOWN (200)	-4028580301345039152 (java.lang.Long)	-	-	-	-	
