28.10.2014 12:58:14	Web-Connector in HTTP mode running on port 8080
28.10.2014 13:15:14	Web-Connector in HTTP mode running on port 8080
28.10.2014 13:47:36	Web-Connector in HTTP mode running on port 8080
28.10.2014 13:48:26	/0:0:0:0:0:0:0:1:2642: login denied for user alice
28.10.2014 13:51:04	/0:0:0:0:0:0:0:1:2689: login denied for user anonymous
28.10.2014 13:51:20	/0:0:0:0:0:0:0:1:2694: login denied for user alice
28.10.2014 13:51:34	/0:0:0:0:0:0:0:1:2698: login denied for user alice
28.10.2014 13:52:42	/0:0:0:0:0:0:0:1:2712: login denied for user ugnm1415g2
28.10.2014 13:53:01	/0:0:0:0:0:0:0:1:2716: login denied for user alice
28.10.2014 13:53:03	/0:0:0:0:0:0:0:1:2717: login denied for user pwalice
28.10.2014 13:53:07	/0:0:0:0:0:0:0:1:2719: login denied for user alice
28.10.2014 13:54:53	/0:0:0:0:0:0:0:1:2736: login denied for user bobby
28.10.2014 13:54:54	/0:0:0:0:0:0:0:1:2738: login denied for user 
28.10.2014 13:54:54	/0:0:0:0:0:0:0:1:2739: login denied for user 
28.10.2014 13:54:55	/0:0:0:0:0:0:0:1:2740: login denied for user 
28.10.2014 13:54:59	/0:0:0:0:0:0:0:1:2741: login denied for user anonymous
28.10.2014 13:55:18	/0:0:0:0:0:0:0:1:2745: login denied for user anonymous
28.10.2014 13:55:24	/0:0:0:0:0:0:0:1:2747: login denied for user bobby
28.10.2014 13:55:34	/0:0:0:0:0:0:0:1:2748: login denied for user alice 
28.10.2014 13:58:16	Web-Connector in HTTP mode running on port 8080
