
timestamp	event code	source node	source agent	destination node	destination agent	additional remarks
---------	----------	-----------	------------	-----------	------------	------------------
05.11.2014 22:26:03	NODE_STATUS_CHANGE (300)	-	-	-	-	CONFIGURED	
05.11.2014 22:26:03	NODE_STATUS_CHANGE (300)	-	-	-	-	RUNNING	
05.11.2014 22:26:04	AGENT_REGISTERED (3000)	2000380082558740113 (java.lang.Long)	3393190940551702251	-	-	ServiceAgent	
05.11.2014 22:26:04	SERVICE_STARTUP (7000)	2000380082558740113 (java.lang.Long)	3393190940551702251	-	-	i5.las2peer.services.servicePackage.ServiceClass	
05.11.2014 22:26:04	AGENT_REGISTERED (3000)	2000380082558740113 (java.lang.Long)	6784596877	-	-	ServiceInfoAgent	
05.11.2014 22:26:04	RMI_SENT (4000)	2000380082558740113 (java.lang.Long)	6784596877	-	-	-	
05.11.2014 22:26:04	CONNECTOR_MESSAGE (9000)	2000380082558740113 (java.lang.Long)	-	-	-	WebConnector: Web-Connector in HTTP mode running on port 8080	
05.11.2014 22:26:07	MESSAGE_RECEIVED (5000)	2000380082558740113 (java.lang.Long)	6784596877	2000380082558740113 (java.lang.Long)	3393190940551702251	6340334919208749366	
05.11.2014 22:26:07	SERVICE_INVOCATION (7200)	2000380082558740113 (java.lang.Long)	6784596877	2000380082558740113 (java.lang.Long)	3393190940551702251	i5.las2peer.services.servicePackage.ServiceClass/getRESTMapping	
05.11.2014 22:26:07	SERVICE_INVOCATION_FINISHED (7210)	2000380082558740113 (java.lang.Long)	6784596877	2000380082558740113 (java.lang.Long)	3393190940551702251	i5.las2peer.services.servicePackage.ServiceClass/getRESTMapping	
05.11.2014 22:26:08	MESSAGE_RECEIVED_ANSWER (5001)	2000380082558740113 (java.lang.Long)	3393190940551702251	2000380082558740113 (java.lang.Long)	6784596877	6340334919208749366	
05.11.2014 22:26:08	RMI_SUCCESSFUL (4100)	2000380082558740113 (java.lang.Long)	6784596877	-	-	-	
05.11.2014 22:26:15	AGENT_REGISTERED (3000)	2000380082558740113 (java.lang.Long)	-5021131362343084485	-	-	Mediator	
05.11.2014 22:26:16	AGENT_REMOVED (3060)	2000380082558740113 (java.lang.Long)	-5021131362343084485	-	-		
05.11.2014 22:26:16	AGENT_REGISTERED (3000)	2000380082558740113 (java.lang.Long)	-5021131362343084485	-	-	Mediator	
05.11.2014 22:26:16	AGENT_REMOVED (3060)	2000380082558740113 (java.lang.Long)	-5021131362343084485	-	-		
05.11.2014 22:26:26	CONNECTOR_MESSAGE (9000)	2000380082558740113 (java.lang.Long)	-	-	-	WebConnector: Web-Connector in HTTP mode has been stopped	
05.11.2014 22:26:26	SERVICE_SHUTDOWN (7100)	2000380082558740113 (java.lang.Long)	3393190940551702251	-	-	i5.las2peer.services.servicePackage.ServiceClass	
05.11.2014 22:26:26	NODE_SHUTDOWN (200)	2000380082558740113 (java.lang.Long)	-	-	-	-	
